<?xml version="1.0" encoding="UTF-8"?>
<!-- Generated by org.testng.reporters.JUnitXMLReporter -->
<testsuite ignored="0" hostname="naveenautomationlabss-MacBook-Pro.local" failures="0" tests="5" name="Surefire test" time="2.229" errors="0" timestamp="2023-08-23T22:23:09 IST">
  <testcase classname="MockTest.MockPutAPITest" name="@BeforeTest setUp" time="0.015">
    <failure type="com.github.tomakehurst.wiremock.common.FatalStartupException" message="java.lang.RuntimeException: java.io.IOException: Failed to bind to /0.0.0.0:8085">
      <![CDATA[com.github.tomakehurst.wiremock.common.FatalStartupException: java.lang.RuntimeException: java.io.IOException: Failed to bind to /0.0.0.0:8085
at com.github.tomakehurst.wiremock.WireMockServer.start(WireMockServer.java:160)
at mock.WireMockSetup.createWireMockServer(WireMockSetup.java:15)
at MockTest.MockPutAPITest.setUp(MockPutAPITest.java:17)
Caused by: java.lang.RuntimeException: java.io.IOException: Failed to bind to /0.0.0.0:8085
at com.github.tomakehurst.wiremock.jetty.JettyHttpServer.start(JettyHttpServer.java:198)
at com.github.tomakehurst.wiremock.WireMockServer.start(WireMockServer.java:158)
... 31 more
Caused by: java.io.IOException: Failed to bind to /0.0.0.0:8085
at org.eclipse.jetty.server.ServerConnector.openAcceptChannel(ServerConnector.java:344)
at org.eclipse.jetty.server.ServerConnector.open(ServerConnector.java:304)
at org.eclipse.jetty.server.Server.lambda$doStart$0(Server.java:402)
at java.base/java.util.stream.ForEachOps$ForEachOp$OfRef.accept(ForEachOps.java:183)
at java.base/java.util.stream.ReferencePipeline$3$1.accept(ReferencePipeline.java:195)
at java.base/java.util.stream.ReferencePipeline$2$1.accept(ReferencePipeline.java:177)
at java.base/java.util.Spliterators$ArraySpliterator.forEachRemaining(Spliterators.java:948)
at java.base/java.util.stream.AbstractPipeline.copyInto(AbstractPipeline.java:484)
at java.base/java.util.stream.AbstractPipeline.wrapAndCopyInto(AbstractPipeline.java:474)
at java.base/java.util.stream.ForEachOps$ForEachOp.evaluateSequential(ForEachOps.java:150)
at java.base/java.util.stream.ForEachOps$ForEachOp$OfRef.evaluateSequential(ForEachOps.java:173)
at java.base/java.util.stream.AbstractPipeline.evaluate(AbstractPipeline.java:234)
at java.base/java.util.stream.ReferencePipeline.forEach(ReferencePipeline.java:497)
at org.eclipse.jetty.server.Server.doStart(Server.java:398)
at org.eclipse.jetty.util.component.AbstractLifeCycle.start(AbstractLifeCycle.java:93)
at com.github.tomakehurst.wiremock.jetty.JettyHttpServer.start(JettyHttpServer.java:196)
... 32 more
Caused by: java.net.BindException: Address already in use
at java.base/sun.nio.ch.Net.bind0(Native Method)
at java.base/sun.nio.ch.Net.bind(Net.java:459)
at java.base/sun.nio.ch.Net.bind(Net.java:448)
at java.base/sun.nio.ch.ServerSocketChannelImpl.bind(ServerSocketChannelImpl.java:227)
at org.eclipse.jetty.server.ServerConnector.openAcceptChannel(ServerConnector.java:339)
... 47 more
... Removed 29 stack frames]]>
    </failure>
  </testcase> <!-- @BeforeTest setUp -->
  <testcase classname="MockTest.MockQueryParamAPITest" name="@BeforeTest setUp" time="-1.692809589727E9">
    <skipped/>
  </testcase> <!-- @BeforeTest setUp -->
  <testcase classname="MockTest.MockServerTest" name="@BeforeTest mockSetup" time="-1.692809589728E9">
    <skipped/>
  </testcase> <!-- @BeforeTest mockSetup -->
  <testcase classname="MockTest.MockPOSTAPITest" name="@BeforeMethod mockSetup" time="-1.692809589771E9">
    <skipped/>
  </testcase> <!-- @BeforeMethod mockSetup -->
  <testcase classname="MockTest.MockPOSTAPITest" name="@AfterMethod tearDown" time="-1.692809589772E9">
    <skipped/>
  </testcase> <!-- @AfterMethod tearDown -->
  <testcase classname="MockTest.MockDeleteAPITest" name="@AfterTest tearDown" time="-1.692809589773E9">
    <skipped/>
  </testcase> <!-- @AfterTest tearDown -->
  <testcase classname="MockTest.MockPutAPITest" name="@AfterTest tearDown" time="-1.692809589773E9">
    <skipped/>
  </testcase> <!-- @AfterTest tearDown -->
  <testcase classname="MockTest.MockQueryParamAPITest" name="@AfterTest tearDown" time="-1.692809589773E9">
    <skipped/>
  </testcase> <!-- @AfterTest tearDown -->
  <testcase classname="MockTest.MockServerTest" name="@AfterTest tearDown" time="-1.692809589774E9">
    <skipped/>
  </testcase> <!-- @AfterTest tearDown -->
  <testcase classname="MockTest.MockDeleteAPITest" name="testDeleteDummyUser" time="0.0">
    <skipped/>
  </testcase> <!-- testDeleteDummyUser -->
  <testcase classname="MockTest.MockServerTest" name="testMockGETAPI" time="0.0">
    <skipped/>
  </testcase> <!-- testMockGETAPI -->
  <testcase classname="MockTest.MockPutAPITest" name="testUpdateDummyUser" time="0.0">
    <skipped/>
  </testcase> <!-- testUpdateDummyUser -->
  <testcase classname="MockTest.MockQueryParamAPITest" name="testGetWithQueryParams" time="0.0">
    <skipped/>
  </testcase> <!-- testGetWithQueryParams -->
  <testcase classname="MockTest.MockPOSTAPITest" name="testMockPostApi" time="0.0">
    <skipped/>
  </testcase> <!-- testMockPostApi -->
</testsuite> <!-- Surefire test -->
