<?xml version="1.0" encoding="UTF-8"?>
<testsuite xmlns:xsi="http://www.w3.org/2001/XMLSchema-instance" xsi:noNamespaceSchemaLocation="https://maven.apache.org/surefire/maven-surefire-plugin/xsd/surefire-test-report-3.0.xsd" version="3.0" name="MockTest.MockServerTest" time="2.58" tests="1" errors="0" skipped="0" failures="0">
  <properties>
[...]
</properties>
  <testcase name="testMockServer" classname="MockTest.MockServerTest" time="2.386">
    <system-out><![CDATA[HTTP/1.1 200 OK
Content-Type: application/json
Matched-Stub-Id: ded27a5e-7526-4580-b644-49a85f6b8e23
Content-Encoding: gzip
Transfer-Encoding: chunked

{
    "message": "Hello, World!"
}
{"message": "Hello, World!"}
]]></system-out>
    <system-err><![CDATA[SLF4J: Failed to load class "org.slf4j.impl.StaticLoggerBinder".
SLF4J: Defaulting to no-operation (NOP) logger implementation
SLF4J: See http://www.slf4j.org/codes.html#StaticLoggerBinder for further details.
]]></system-err>
  </testcase>
</testsuite>