<?xml version="1.0" encoding="UTF-8"?>
<testng-results ignored="0" total="1" passed="1" failed="0" skipped="0">
  <reporter-output>
  </reporter-output>
  <suite started-at="2023-08-23T12:36:39 IST" name="Surefire suite" finished-at="2023-08-23T12:36:41 IST" duration-ms="2405">
    <groups>
    </groups>
    <test started-at="2023-08-23T12:36:39 IST" name="Surefire test" finished-at="2023-08-23T12:36:41 IST" duration-ms="2405">
      <class name="MockTest.MockServerTest">
        <test-method signature="testMockServer()[pri:0, instance:MockTest.MockServerTest@2a4fb17b]" started-at="2023-08-23T12:36:39 IST" name="testMockServer" finished-at="2023-08-23T12:36:41 IST" duration-ms="2384" status="PASS">
          <reporter-output>
          </reporter-output>
        </test-method> <!-- testMockServer -->
      </class> <!-- MockTest.MockServerTest -->
    </test> <!-- Surefire test -->
  </suite> <!-- Surefire suite -->
</testng-results>
