<?xml version="1.0" encoding="UTF-8"?>
<testsuite xmlns:xsi="http://www.w3.org/2001/XMLSchema-instance" xsi:noNamespaceSchemaLocation="https://maven.apache.org/surefire/maven-surefire-plugin/xsd/surefire-test-report-3.0.xsd" version="3.0" name="TestSuite" time="2.718" tests="14" errors="0" skipped="13" failures="1">
  <properties>
[...]
</properties>
  <testcase name="setUp" classname="MockTest.MockPutAPITest" time="2.493">
    <failure message="java.lang.RuntimeException: java.io.IOException: Failed to bind to /0.0.0.0:8085" type="com.github.tomakehurst.wiremock.common.FatalStartupException"><![CDATA[com.github.tomakehurst.wiremock.common.FatalStartupException: java.lang.RuntimeException: java.io.IOException: Failed to bind to /0.0.0.0:8085
	at com.github.tomakehurst.wiremock.WireMockServer.start(WireMockServer.java:160)
	at mock.WireMockSetup.createWireMockServer(WireMockSetup.java:15)
	at MockTest.MockPutAPITest.setUp(MockPutAPITest.java:17)
	at java.base/jdk.internal.reflect.NativeMethodAccessorImpl.invoke0(Native Method)
	at java.base/jdk.internal.reflect.NativeMethodAccessorImpl.invoke(NativeMethodAccessorImpl.java:62)
	at java.base/jdk.internal.reflect.DelegatingMethodAccessorImpl.invoke(DelegatingMethodAccessorImpl.java:43)
	at java.base/java.lang.reflect.Method.invoke(Method.java:566)
	at org.testng.internal.MethodInvocationHelper.invokeMethod(MethodInvocationHelper.java:133)
	at org.testng.internal.MethodInvocationHelper.invokeMethodConsideringTimeout(MethodInvocationHelper.java:62)
	at org.testng.internal.ConfigInvoker.invokeConfigurationMethod(ConfigInvoker.java:340)
	at org.testng.internal.ConfigInvoker.invokeConfigurations(ConfigInvoker.java:294)
	at org.testng.TestRunner.invokeTestConfigurations(TestRunner.java:623)
	at org.testng.TestRunner.beforeRun(TestRunner.java:613)
	at org.testng.TestRunner.run(TestRunner.java:584)
	at org.testng.SuiteRunner.runTest(SuiteRunner.java:402)
	at org.testng.SuiteRunner.runSequentially(SuiteRunner.java:396)
	at org.testng.SuiteRunner.privateRun(SuiteRunner.java:355)
	at org.testng.SuiteRunner.run(SuiteRunner.java:304)
	at org.testng.SuiteRunnerWorker.runSuite(SuiteRunnerWorker.java:53)
	at org.testng.SuiteRunnerWorker.run(SuiteRunnerWorker.java:96)
	at org.testng.TestNG.runSuitesSequentially(TestNG.java:1180)
	at org.testng.TestNG.runSuitesLocally(TestNG.java:1102)
	at org.testng.TestNG.runSuites(TestNG.java:1032)
	at org.testng.TestNG.run(TestNG.java:1000)
	at org.apache.maven.surefire.testng.TestNGExecutor.run(TestNGExecutor.java:155)
	at org.apache.maven.surefire.testng.TestNGDirectoryTestSuite.executeMulti(TestNGDirectoryTestSuite.java:169)
	at org.apache.maven.surefire.testng.TestNGDirectoryTestSuite.execute(TestNGDirectoryTestSuite.java:88)
	at org.apache.maven.surefire.testng.TestNGProvider.invoke(TestNGProvider.java:137)
	at org.apache.maven.surefire.booter.ForkedBooter.runSuitesInProcess(ForkedBooter.java:385)
	at org.apache.maven.surefire.booter.ForkedBooter.execute(ForkedBooter.java:162)
	at org.apache.maven.surefire.booter.ForkedBooter.run(ForkedBooter.java:507)
	at org.apache.maven.surefire.booter.ForkedBooter.main(ForkedBooter.java:495)
Caused by: java.lang.RuntimeException: java.io.IOException: Failed to bind to /0.0.0.0:8085
	at com.github.tomakehurst.wiremock.jetty.JettyHttpServer.start(JettyHttpServer.java:198)
	at com.github.tomakehurst.wiremock.WireMockServer.start(WireMockServer.java:158)
	... 31 more
Caused by: java.io.IOException: Failed to bind to /0.0.0.0:8085
	at org.eclipse.jetty.server.ServerConnector.openAcceptChannel(ServerConnector.java:344)
	at org.eclipse.jetty.server.ServerConnector.open(ServerConnector.java:304)
	at org.eclipse.jetty.server.Server.lambda$doStart$0(Server.java:402)
	at java.base/java.util.stream.ForEachOps$ForEachOp$OfRef.accept(ForEachOps.java:183)
	at java.base/java.util.stream.ReferencePipeline$3$1.accept(ReferencePipeline.java:195)
	at java.base/java.util.stream.ReferencePipeline$2$1.accept(ReferencePipeline.java:177)
	at java.base/java.util.Spliterators$ArraySpliterator.forEachRemaining(Spliterators.java:948)
	at java.base/java.util.stream.AbstractPipeline.copyInto(AbstractPipeline.java:484)
	at java.base/java.util.stream.AbstractPipeline.wrapAndCopyInto(AbstractPipeline.java:474)
	at java.base/java.util.stream.ForEachOps$ForEachOp.evaluateSequential(ForEachOps.java:150)
	at java.base/java.util.stream.ForEachOps$ForEachOp$OfRef.evaluateSequential(ForEachOps.java:173)
	at java.base/java.util.stream.AbstractPipeline.evaluate(AbstractPipeline.java:234)
	at java.base/java.util.stream.ReferencePipeline.forEach(ReferencePipeline.java:497)
	at org.eclipse.jetty.server.Server.doStart(Server.java:398)
	at org.eclipse.jetty.util.component.AbstractLifeCycle.start(AbstractLifeCycle.java:93)
	at com.github.tomakehurst.wiremock.jetty.JettyHttpServer.start(JettyHttpServer.java:196)
	... 32 more
Caused by: java.net.BindException: Address already in use
	at java.base/sun.nio.ch.Net.bind0(Native Method)
	at java.base/sun.nio.ch.Net.bind(Net.java:459)
	at java.base/sun.nio.ch.Net.bind(Net.java:448)
	at java.base/sun.nio.ch.ServerSocketChannelImpl.bind(ServerSocketChannelImpl.java:227)
	at org.eclipse.jetty.server.ServerConnector.openAcceptChannel(ServerConnector.java:339)
	... 47 more
]]></failure>
    <system-err><![CDATA[SLF4J: Failed to load class "org.slf4j.impl.StaticLoggerBinder".
SLF4J: Defaulting to no-operation (NOP) logger implementation
SLF4J: See http://www.slf4j.org/codes.html#StaticLoggerBinder for further details.
]]></system-err>
  </testcase>
  <testcase name="testUpdateDummyUser" classname="MockTest.MockPutAPITest" time="0.0">
    <skipped message="java.lang.RuntimeException: java.io.IOException: Failed to bind to /0.0.0.0:8085"/>
  </testcase>
  <testcase name="tearDown" classname="MockTest.MockPutAPITest" time="0.0">
    <skipped/>
  </testcase>
  <testcase name="setUp" classname="MockTest.MockQueryParamAPITest" time="0.0">
    <skipped/>
  </testcase>
  <testcase name="testGetWithQueryParams" classname="MockTest.MockQueryParamAPITest" time="0.0">
    <skipped message="java.lang.RuntimeException: java.io.IOException: Failed to bind to /0.0.0.0:8085"/>
  </testcase>
  <testcase name="tearDown" classname="MockTest.MockQueryParamAPITest" time="0.0">
    <skipped/>
  </testcase>
  <testcase name="mockSetup" classname="MockTest.MockServerTest" time="0.0">
    <skipped/>
  </testcase>
  <testcase name="testMockGETAPI" classname="MockTest.MockServerTest" time="0.0">
    <skipped message="java.lang.RuntimeException: java.io.IOException: Failed to bind to /0.0.0.0:8085"/>
  </testcase>
  <testcase name="tearDown" classname="MockTest.MockServerTest" time="0.0">
    <skipped/>
  </testcase>
  <testcase name="testDeleteDummyUser" classname="MockTest.MockDeleteAPITest" time="0.0">
    <skipped message="java.lang.RuntimeException: java.io.IOException: Failed to bind to /0.0.0.0:8085"/>
  </testcase>
  <testcase name="tearDown" classname="MockTest.MockDeleteAPITest" time="0.0">
    <skipped/>
  </testcase>
  <testcase name="mockSetup" classname="MockTest.MockPOSTAPITest" time="0.0">
    <skipped/>
  </testcase>
  <testcase name="testMockPostApi" classname="MockTest.MockPOSTAPITest" time="0.0">
    <skipped message="java.lang.RuntimeException: java.io.IOException: Failed to bind to /0.0.0.0:8085"/>
  </testcase>
  <testcase name="tearDown" classname="MockTest.MockPOSTAPITest" time="0.0">
    <skipped/>
  </testcase>
</testsuite>